-------------------------------------------------------------------------------
Test set: OpenViduAngularTest
-------------------------------------------------------------------------------
Tests run: 4, Failures: 1, Errors: 0, Skipped: 0, Time elapsed: 113.465 s <<< FAILURE! - in OpenViduAngularTest
T002_LeaveSession  Time elapsed: 75.578 s  <<< FAILURE!
org.opentest4j.AssertionFailedError: 
An unexpected exception occurred: Expected condition failed: waiting for visibility of element located by By.xpath: /html/body/app-root/div/div/div[3]/div[2]/user-video/div/ov-video/video (tried for 60 second(s) with 500 milliseconds interval)
Build info: version: '4.6.0', revision: '79f1c02ae20'
System info: os.name: 'Windows 11', os.arch: 'amd64', os.version: '10.0', java.version: '17.0.2'
Driver info: org.openqa.selenium.firefox.FirefoxDriver
Capabilities {acceptInsecureCerts: true, browserName: firefox, browserVersion: 117.0.1, moz:accessibilityChecks: false, moz:buildID: 20230912013654, moz:debuggerAddress: 127.0.0.1:17078, moz:geckodriverVersion: 0.33.0, moz:headless: true, moz:platformVersion: 10.0, moz:processID: 17500, moz:profile: C:\Users\Usuario\AppData\Lo..., moz:shutdownTimeout: 60000, moz:webdriverClick: true, moz:windowless: false, pageLoadStrategy: normal, platformName: WINDOWS, proxy: Proxy(), se:cdp: ws://127.0.0.1:17078/devtoo..., se:cdpVersion: 85.0, setWindowRect: true, strictFileInteractability: false, timeouts: {implicit: 0, pageLoad: 300000, script: 30000}, unhandledPromptBehavior: dismiss and notify}
Session ID: da388c40-0ca9-4daf-bd06-e9cb98542ecc
	at OpenViduAngularTest.T002_LeaveSession(OpenViduAngularTest.java:299)

